<?xml version="1.0" encoding="UTF-8"?>
<coverage generated="1643545948408" clover="3.2.0">
  <project timestamp="1643545948408" name="All files">
    <metrics statements="6" coveredstatements="6" conditionals="2" coveredconditionals="1" methods="4" coveredmethods="4" elements="12" coveredelements="11" complexity="0" loc="6" ncloc="6" packages="1" files="1" classes="1"/>
    <file name="stack.js" path="/Users/hyeonsooahn/Desktop/Study/JavaScript/dataConstructure/src/stack.js">
      <metrics statements="6" coveredstatements="6" conditionals="2" coveredconditionals="1" methods="4" coveredmethods="4"/>
      <line num="3" count="4" type="stmt"/>
      <line num="4" count="4" type="stmt"/>
      <line num="8" count="2" type="stmt"/>
      <line num="12" count="21000010" type="stmt"/>
      <line num="16" count="11000003" type="cond" truecount="1" falsecount="1"/>
      <line num="17" count="11000003" type="stmt"/>
    </file>
  </project>
</coverage>
