{"/Users/hyeonsooahn/Desktop/Study/JavaScript/dataConstructure/src/stack.js": {"path":"/Users/hyeonsooahn/Desktop/Study/JavaScript/dataConstructure/src/stack.js","statementMap":{"0":{"start":{"line":3,"column":8},"end":{"line":3,"column":27}},"1":{"start":{"line":4,"column":8},"end":{"line":4,"column":28}},"2":{"start":{"line":8,"column":8},"end":{"line":8,"column":35}},"3":{"start":{"line":12,"column":8},"end":{"line":12,"column":45}},"4":{"start":{"line":16,"column":8},"end":{"line":16,"column":46}},"5":{"start":{"line":16,"column":34},"end":{"line":16,"column":46}},"6":{"start":{"line":17,"column":8},"end":{"line":17,"column":48}}},"fnMap":{"0":{"name":"(anonymous_0)","decl":{"start":{"line":2,"column":4},"end":{"line":2,"column":5}},"loc":{"start":{"line":2,"column":18},"end":{"line":5,"column":5}},"line":2},"1":{"name":"(anonymous_1)","decl":{"start":{"line":7,"column":4},"end":{"line":7,"column":5}},"loc":{"start":{"line":7,"column":11},"end":{"line":9,"column":5}},"line":7},"2":{"name":"(anonymous_2)","decl":{"start":{"line":11,"column":4},"end":{"line":11,"column":5}},"loc":{"start":{"line":11,"column":12},"end":{"line":13,"column":5}},"line":11},"3":{"name":"(anonymous_3)","decl":{"start":{"line":15,"column":4},"end":{"line":15,"column":5}},"loc":{"start":{"line":15,"column":10},"end":{"line":18,"column":5}},"line":15}},"branchMap":{"0":{"loc":{"start":{"line":16,"column":8},"end":{"line":16,"column":46}},"type":"if","locations":[{"start":{"line":16,"column":8},"end":{"line":16,"column":46}},{"start":{},"end":{}}],"line":16}},"s":{"0":4,"1":4,"2":2,"3":21000010,"4":11000003,"5":0,"6":11000003},"f":{"0":4,"1":2,"2":21000010,"3":11000003},"b":{"0":[0,11000003]},"_coverageSchema":"1a1c01bbd47fc00a2c39e90264f33305004495a9","hash":"b0ac8ce0723c2373f2ecbef0ae25cda171f5e66c"}
}
